<testsuites id="" name="" tests="14" failures="1" skipped="0" errors="0" time="36.675646">
<testsuite name="createExcelFile.spec.ts" timestamp="2025-10-07T13:13:28.326Z" hostname="chromium" tests="1" failures="0" skipped="0" time="3.652" errors="0">
<testcase name="Create Excel File" classname="createExcelFile.spec.ts" time="3.652">
<system-out>
<![CDATA[Table Rows Count is: 7
Excel file created at: tableData.xlsx
┌─────────┬──────────────────────┬───────────┬──────────────┬────────┐
│ (index) │ BookName             │ Author    │ Subject      │ Price  │
├─────────┼──────────────────────┼───────────┼──────────────┼────────┤
│ 0       │ [32m'Learn Selenium'[39m     │ [32m'Amit'[39m    │ [32m'Selenium'[39m   │ [32m'300'[39m  │
│ 1       │ [32m'Learn Java'[39m         │ [32m'Mukesh'[39m  │ [32m'Java'[39m       │ [32m'500'[39m  │
│ 2       │ [32m'Learn JS'[39m           │ [32m'Animesh'[39m │ [32m'Javascript'[39m │ [32m'300'[39m  │
│ 3       │ [32m'Master In Selenium'[39m │ [32m'Mukesh'[39m  │ [32m'Selenium'[39m   │ [32m'3000'[39m │
│ 4       │ [32m'Master In Java'[39m     │ [32m'Amod'[39m    │ [32m'JAVA'[39m       │ [32m'2000'[39m │
│ 5       │ [32m'Master In JS'[39m       │ [32m'Amit'[39m    │ [32m'Javascript'[39m │ [32m'1000'[39m │
└─────────┴──────────────────────┴───────────┴──────────────┴────────┘
]]>
</system-out>
</testcase>
</testsuite>
<testsuite name="csvFile.spec.ts" timestamp="2025-10-07T13:13:28.326Z" hostname="chromium" tests="2" failures="0" skipped="0" time="0.543" errors="0">
<testcase name="Login test for 1" classname="csvFile.spec.ts" time="0.311">
<system-out>
<![CDATA[Running test for user: paarivel and password: Paari11
]]>
</system-out>
</testcase>
<testcase name="Login test for 2" classname="csvFile.spec.ts" time="0.232">
<system-out>
<![CDATA[Running test for user: rukumini and password: Ruku29
]]>
</system-out>
</testcase>
</testsuite>
<testsuite name="ExcelFileJSON.spec.ts" timestamp="2025-10-07T13:13:28.326Z" hostname="chromium" tests="1" failures="0" skipped="0" time="0.051" errors="0">
<testcase name="JSON to Excel" classname="ExcelFileJSON.spec.ts" time="0.051">
<system-out>
<![CDATA[[ { name: [32m'Harish'[39m, email: [32m'harish@gmail.com'[39m, phone: [32m'1234567809'[39m } ]
]]>
</system-out>
</testcase>
</testsuite>
<testsuite name="jsonFile.spec.ts" timestamp="2025-10-07T13:13:28.326Z" hostname="chromium" tests="2" failures="0" skipped="0" time="0.015" errors="0">
<testcase name="JSON File Test Data Lender Price Credentials " classname="jsonFile.spec.ts" time="0.006">
<system-out>
<![CDATA[Fecthing data from json file testsigma_internal and Welcome@1
]]>
</system-out>
</testcase>
<testcase name="JSON File Test Data Bluecopa Credentials " classname="jsonFile.spec.ts" time="0.009">
<system-out>
<![CDATA[Fecthing data from json file bluecopa_internal and Welcome@2025
]]>
</system-out>
</testcase>
</testsuite>
<testsuite name="lenderPrice.spec.ts" timestamp="2025-10-07T13:13:28.326Z" hostname="chromium" tests="1" failures="0" skipped="0" time="17.928" errors="0">
<testcase name="Navigate to Lender Price Website" classname="lenderPrice.spec.ts" time="17.928">
<system-out>
<![CDATA[The Bid Request Id with Committed Status is : 87U16F48453D
The Bid Request Id in Price Offered Page is : 87U16F48453D
The Corresponding Loan Id is : DEN_20251006_10001_TPO_Y
✅ Loan details (Price Offered) saved to LoanDetails_Offered.xlsx
Corr Loan Number List : DEN_20251006_10001_TPO_Y,DEN_20251006_10002_TPO_N,DEN_20251006_10003_TPO_Blank
✅ Loan details (Locked Loans) saved to LoanDetails_Locked.xlsx
✅ Loan details matched between Offered and Locked Loans!
]]>
</system-out>
</testcase>
</testsuite>
<testsuite name="playwrightPractice.spec.ts" timestamp="2025-10-07T13:13:28.326Z" hostname="chromium" tests="7" failures="1" skipped="0" time="66.567" errors="0">
<testcase name="Playwright built-in locators" classname="playwrightPractice.spec.ts" time="4.242">
<system-out>
<![CDATA[Tags with getByRoleLocators
]]>
</system-out>
</testcase>
<testcase name="Files uploading test" classname="playwrightPractice.spec.ts" time="3.827">
<system-out>
<![CDATA[Single file selected: playwrightnotes.txt, Size: 1186 bytes, Type: text/plain
Multiple files selected:
playwrightnotes.txt, Size: 1186 bytes, Type: text/plain
playwright notes.txt, Size: 378 bytes, Type: text/plain

]]>
</system-out>
</testcase>
<testcase name="Static Table" classname="playwrightPractice.spec.ts" time="6.243">
<system-out>
<![CDATA[Table Name : Static Web Table
[ [32m'BookName'[39m, [32m'Author'[39m, [32m'Subject'[39m, [32m'Price'[39m ]
[ [32m'Learn JS'[39m, [32m'Animesh'[39m, [32m'Javascript'[39m, [32m'300'[39m ]
Table Rows Count is: 7
Table Name : " Static Web Table "
┌─────────┬──────────────────────┬───────────┬──────────────┬────────┐
│ (index) │ BookName             │ Author    │ Subject      │ Price  │
├─────────┼──────────────────────┼───────────┼──────────────┼────────┤
│ 0       │ [32m'Learn Selenium'[39m     │ [32m'Amit'[39m    │ [32m'Selenium'[39m   │ [32m'300'[39m  │
│ 1       │ [32m'Learn Java'[39m         │ [32m'Mukesh'[39m  │ [32m'Java'[39m       │ [32m'500'[39m  │
│ 2       │ [32m'Learn JS'[39m           │ [32m'Animesh'[39m │ [32m'Javascript'[39m │ [32m'300'[39m  │
│ 3       │ [32m'Master In Selenium'[39m │ [32m'Mukesh'[39m  │ [32m'Selenium'[39m   │ [32m'3000'[39m │
│ 4       │ [32m'Master In Java'[39m     │ [32m'Amod'[39m    │ [32m'JAVA'[39m       │ [32m'2000'[39m │
│ 5       │ [32m'Master In JS'[39m       │ [32m'Amit'[39m    │ [32m'Javascript'[39m │ [32m'1000'[39m │
└─────────┴──────────────────────┴───────────┴──────────────┴────────┘
]]>
</system-out>
</testcase>
<testcase name="Dynamic Table" classname="playwrightPractice.spec.ts" time="4.638">
<system-out>
<![CDATA[Table Name: Dynamic Web Table
Table Headers :  [ [32m'Name'[39m, [32m'CPU (%)'[39m, [32m'Network (Mbps)'[39m, [32m'Memory (MB)'[39m, [32m'Disk (MB/s)'[39m ]
table data 4 :  89.7 MB
]]>
</system-out>
</testcase>
<testcase name="Pagination Web Table" classname="playwrightPractice.spec.ts" time="3.729">
<system-out>
<![CDATA[Pagination Web Table
Table Headers : [ [32m'ID'[39m, [32m'Name'[39m, [32m'Price'[39m ]
Tables Count:  [33m4[39m
Rows count from table : [33m5[39m
┌─────────┬─────┬────────────────────┬──────────┬────────┐
│ (index) │ ID  │ Name               │ Price    │ Select │
├─────────┼─────┼────────────────────┼──────────┼────────┤
│ 0       │ [32m'1'[39m │ [32m'Smartphone'[39m       │ [32m'$10.99'[39m │ [32m''[39m     │
│ 1       │ [32m'2'[39m │ [32m'Laptop'[39m           │ [32m'$19.99'[39m │ [32m''[39m     │
│ 2       │ [32m'3'[39m │ [32m'Tablet'[39m           │ [32m'$5.99'[39m  │ [32m''[39m     │
│ 3       │ [32m'4'[39m │ [32m'Smartwatch'[39m       │ [32m'$7.99'[39m  │ [32m''[39m     │
│ 4       │ [32m'5'[39m │ [32m'Wireless Earbuds'[39m │ [32m'$8.99'[39m  │ [32m''[39m     │
└─────────┴─────┴────────────────────┴──────────┴────────┘
┌─────────┬──────┬─────────────────────┬──────────┬────────┐
│ (index) │ ID   │ Name                │ Price    │ Select │
├─────────┼──────┼─────────────────────┼──────────┼────────┤
│ 0       │ [32m'6'[39m  │ [32m'Bluetooth Speaker'[39m │ [32m'$9.99'[39m  │ [32m''[39m     │
│ 1       │ [32m'7'[39m  │ [32m'Television'[39m        │ [32m'$20.99'[39m │ [32m''[39m     │
│ 2       │ [32m'8'[39m  │ [32m'Action Camera'[39m     │ [32m'$15.99'[39m │ [32m''[39m     │
│ 3       │ [32m'9'[39m  │ [32m'Gaming Console'[39m    │ [32m'$5.99'[39m  │ [32m''[39m     │
│ 4       │ [32m'10'[39m │ [32m'Digital Camera'[39m    │ [32m'$16.99'[39m │ [32m''[39m     │
└─────────┴──────┴─────────────────────┴──────────┴────────┘
┌─────────┬──────┬────────────────────┬──────────┬────────┐
│ (index) │ ID   │ Name               │ Price    │ Select │
├─────────┼──────┼────────────────────┼──────────┼────────┤
│ 0       │ [32m'11'[39m │ [32m'Smart Home Hub'[39m   │ [32m'$20.99'[39m │ [32m''[39m     │
│ 1       │ [32m'12'[39m │ [32m'Router'[39m           │ [32m'$24.99'[39m │ [32m''[39m     │
│ 2       │ [32m'13'[39m │ [32m'Portable Charger'[39m │ [32m'$30.99'[39m │ [32m''[39m     │
│ 3       │ [32m'14'[39m │ [32m'Fitness Tracker'[39m  │ [32m'$19.99'[39m │ [32m''[39m     │
│ 4       │ [32m'15'[39m │ [32m'Desktop Computer'[39m │ [32m'$2.99'[39m  │ [32m''[39m     │
└─────────┴──────┴────────────────────┴──────────┴────────┘
┌─────────┬──────┬─────────────────────┬──────────┬────────┐
│ (index) │ ID   │ Name                │ Price    │ Select │
├─────────┼──────┼─────────────────────┼──────────┼────────┤
│ 0       │ [32m'16'[39m │ [32m'E-Reader'[39m          │ [32m'$10.99'[39m │ [32m''[39m     │
│ 1       │ [32m'17'[39m │ [32m'VR Headset'[39m        │ [32m'$11.99'[39m │ [32m''[39m     │
│ 2       │ [32m'18'[39m │ [32m'Streaming Device'[39m  │ [32m'$13.99'[39m │ [32m''[39m     │
│ 3       │ [32m'19'[39m │ [32m'Soundbar'[39m          │ [32m'$16.99'[39m │ [32m''[39m     │
│ 4       │ [32m'20'[39m │ [32m'Wireless Mouse 20'[39m │ [32m'$17.99'[39m │ [32m''[39m     │
└─────────┴──────┴─────────────────────┴──────────┴────────┘
]]>
</system-out>
</testcase>
<testcase name="Form and ShadowDOM" classname="playwrightPractice.spec.ts" time="15.296">
<system-out>
<![CDATA[Section 1 para is : This is a paragraph in Section 1.
Section 2 para is : This is a paragraph in Section 2.
Section 3 para is : This is a paragraph in Section 3.
Footer link 1: http://testautomationpractice.blogspot.com/
Visited Page Title: Automation Testing Practice
Current Page Title: Automation Testing Practice: PlaywrightPractice
Footer link 2: https://testautomationpractice.blogspot.com/p/gui-elements-ajax-hidden.html
Visited Page Title: Automation Testing Practice: Hidden Elements & AJAX
Current Page Title: Automation Testing Practice: PlaywrightPractice
Footer link 3: https://testautomationpractice.blogspot.com/p/download-files_25.html
Visited Page Title: Automation Testing Practice: Download Files
Current Page Title: Automation Testing Practice: PlaywrightPractice
ShadowDOM
Shadow DOM Text : 
Mobiles
Laptops
]]>
</system-out>
</testcase>
<testcase name="Tabs section test" classname="playwrightPractice.spec.ts" time="28.592">
<failure message="playwrightPractice.spec.ts:84:5 Tabs section test" type="FAILURE">
<![CDATA[  [chromium] › playwrightPractice.spec.ts:84:5 › Tabs section test ─────────────────────────────────

    Error: expect(locator).toHaveText(expected) failed

    Locator: getByRole('heading', { name: 'Selenium automates browsers. That\'s it!' })
    Expected: "Selenium automates browsers. That's it!"
    Timeout: 5000ms
    Error: element(s) not found

    Call log:
      - Expect "toHaveText" with timeout 5000ms
      - waiting for getByRole('heading', { name: 'Selenium automates browsers. That\'s it!' })


       at ..\pages\Tabs.ts:218

      216 |     });
      217 |     // await expect(verifyPopupwindowTxt).toBeVisible();
    > 218 |     await expect(verifyPopupwindowTxt).toHaveText(
          |                                        ^
      219 |       "Selenium automates browsers. That's it!"
      220 |     );
      221 |
        at Tabs.popupWindow (D:\playwright\pages\Tabs.ts:218:40)
        at D:\playwright\tests\playwrightPractice.spec.ts:99:5

    Error Context: ..\test-results\playwrightPractice-Tabs-section-test-chromium\error-context.md
]]>
</failure>
<system-out>
<![CDATA[Count [33m5[39m
Search texts:  Playwright
Search texts:  Playwright (software)
Search texts:  Playwrights Horizons
Search texts:  Playwrights Guild of Canada
Search texts:  Playwrights' Company
stop
alert
I am an alert box!
confirm
Press a button!
prompt
Please enter your name:
Harry Potter
Next Page Title :  SDET-QA Blog
Next Page URL :  https://www.pavantestingtools.com/
Original Page URL : https://testautomationpractice.blogspot.com/p/playwrightpractice.html
Automation Testing Practice: PlaywrightPractice
Field1 input value :  Hello World!
Field2 input value :  Hello World!
Dropped Text :  Dropped!
Scrolling Dropdown is successfully Completed
Labels and Links Heading :  Labels And Links
Mobile Label Heading :  Mobile Labels
Mobile Label Texts :  Samsung
Mobile Label Texts :  Real Me
Mobile Label Texts :  Moto
Laptop Heading :  Laptop Links
Laptop Lists Count :  [33m3[39m
Automation :  Apple
Laptop Original Page Title :  Automation Testing Practice: PlaywrightPractice
Automation :  Lenovo® Official India Site | Laptops, Tablets, Desktops & Servers | Lenovo IN
Laptop Original Page Title :  Automation Testing Practice: PlaywrightPractice
Automation :  Computers, Monitors & Technology Solutions | Dell India
Laptop Original Page Title :  Automation Testing Practice: PlaywrightPractice
Display :  Broken Links
URL 1 : http://www.deadlinkcity.com/error-page.asp?e=400
URL 2 : http://www.deadlinkcity.com/error-page.asp?e=401
URL 3 : http://www.deadlinkcity.com/error-page.asp?e=403
URL 4 : http://www.deadlinkcity.com/error-page.asp?e=404
Visitors
Raw visitors count text: 5,011,321
Visitors Total Count: [33m5011321[39m
Popup Window Title :  Fast and reliable end-to-end testing for modern web apps | Playwright

[[ATTACHMENT|test-results\playwrightPractice-Tabs-section-test-chromium\error-context.md]]
]]>
</system-out>
</testcase>
</testsuite>
</testsuites>